2021-05-25T11:09:59.082481Z 0 [System] [MY-010116] [Server] C:\mysql-8.0.23-winx64\bin\mysqld.exe (mysqld 8.0.23) starting as process 16636
2021-05-25T11:09:59.102434Z 1 [System] [MY-013576] [InnoDB] InnoDB initialization has started.
2021-05-25T11:09:59.332986Z 1 [System] [MY-013577] [InnoDB] InnoDB initialization has ended.
2021-05-25T11:09:59.448319Z 0 [System] [MY-011323] [Server] X Plugin ready for connections. Bind-address: '::' port: 33060
2021-05-25T11:09:59.533951Z 0 [Warning] [MY-010068] [Server] CA certificate ca.pem is self signed.
2021-05-25T11:09:59.535309Z 0 [System] [MY-013602] [Server] Channel mysql_main configured to support TLS. Encrypted connections are now supported for this channel.
2021-05-25T11:09:59.561935Z 0 [System] [MY-010931] [Server] C:\mysql-8.0.23-winx64\bin\mysqld.exe: ready for connections. Version: '8.0.23'  socket: ''  port: 6123  MySQL Community Server - GPL.
2021-05-29T08:56:08.928170Z 0 [System] [MY-010116] [Server] C:\mysql-8.0.23-winx64\bin\mysqld.exe (mysqld 8.0.23) starting as process 7108
2021-05-29T08:56:11.084185Z 1 [System] [MY-013576] [InnoDB] InnoDB initialization has started.
2021-05-29T08:56:12.410741Z 1 [System] [MY-013577] [InnoDB] InnoDB initialization has ended.
2021-05-29T08:56:12.682731Z 0 [System] [MY-011323] [Server] X Plugin ready for connections. Bind-address: '::' port: 33060
2021-05-29T08:56:17.469145Z 0 [System] [MY-010229] [Server] Starting XA crash recovery...
2021-05-29T08:56:17.481258Z 0 [System] [MY-010232] [Server] XA crash recovery finished.
2021-05-29T08:56:25.156696Z 0 [Warning] [MY-010068] [Server] CA certificate ca.pem is self signed.
2021-05-29T08:56:25.158116Z 0 [System] [MY-013602] [Server] Channel mysql_main configured to support TLS. Encrypted connections are now supported for this channel.
2021-05-29T08:56:25.205435Z 0 [System] [MY-010931] [Server] C:\mysql-8.0.23-winx64\bin\mysqld.exe: ready for connections. Version: '8.0.23'  socket: ''  port: 6123  MySQL Community Server - GPL.
2021-05-29T18:31:12.443105Z 12 [Warning] [MY-010055] [Server] IP address '192.168.56.101' could not be resolved: 不知道这样的主机。 
2021-05-29T18:37:09.944885Z 0 [System] [MY-013105] [Server] C:\mysql-8.0.23-winx64\bin\mysqld.exe: Normal shutdown.
2021-05-29T18:39:33.118132Z 0 [System] [MY-010116] [Server] C:\mysql-8.0.23-winx64\bin\mysqld.exe (mysqld 8.0.23) starting as process 19320
2021-05-29T18:39:33.148668Z 1 [System] [MY-013576] [InnoDB] InnoDB initialization has started.
2021-05-29T18:39:33.571961Z 1 [System] [MY-013577] [InnoDB] InnoDB initialization has ended.
2021-05-29T18:39:33.711368Z 0 [System] [MY-011323] [Server] X Plugin ready for connections. Bind-address: '::' port: 33060
2021-05-29T18:39:33.732861Z 0 [System] [MY-010229] [Server] Starting XA crash recovery...
2021-05-29T18:39:33.740264Z 0 [System] [MY-010232] [Server] XA crash recovery finished.
2021-05-29T18:39:33.774702Z 0 [Warning] [MY-010068] [Server] CA certificate ca.pem is self signed.
2021-05-29T18:39:33.775568Z 0 [System] [MY-013602] [Server] Channel mysql_main configured to support TLS. Encrypted connections are now supported for this channel.
2021-05-29T18:39:33.804207Z 0 [System] [MY-010931] [Server] C:\mysql-8.0.23-winx64\bin\mysqld.exe: ready for connections. Version: '8.0.23'  socket: ''  port: 6123  MySQL Community Server - GPL.
2021-05-29T18:49:07.518873Z 9 [Warning] [MY-010055] [Server] IP address '192.168.56.101' could not be resolved: 不知道这样的主机。 
2021-05-30T06:27:32.900392Z 0 [System] [MY-013105] [Server] C:\mysql-8.0.23-winx64\bin\mysqld.exe: Normal shutdown.
2021-05-30T06:27:34.905123Z 0 [Warning] [MY-010909] [Server] C:\mysql-8.0.23-winx64\bin\mysqld.exe: Forcing close of thread 17  user: 'root'.
2021-05-30T06:27:34.907090Z 0 [Warning] [MY-010909] [Server] C:\mysql-8.0.23-winx64\bin\mysqld.exe: Forcing close of thread 35  user: 'root'.
2021-05-30T06:27:34.909641Z 0 [Warning] [MY-010909] [Server] C:\mysql-8.0.23-winx64\bin\mysqld.exe: Forcing close of thread 13  user: 'root'.
2021-05-30T06:27:34.911820Z 0 [Warning] [MY-010909] [Server] C:\mysql-8.0.23-winx64\bin\mysqld.exe: Forcing close of thread 46  user: 'root'.
2021-05-30T06:27:34.914159Z 0 [Warning] [MY-010909] [Server] C:\mysql-8.0.23-winx64\bin\mysqld.exe: Forcing close of thread 47  user: 'root'.
2021-05-30T06:27:35.885832Z 0 [System] [MY-010910] [Server] C:\mysql-8.0.23-winx64\bin\mysqld.exe: Shutdown complete (mysqld 8.0.23)  MySQL Community Server - GPL.
2021-06-02T04:16:39.120900Z 0 [System] [MY-010116] [Server] C:\mysql-8.0.23-winx64\bin\mysqld.exe (mysqld 8.0.23) starting as process 27480
2021-06-02T04:16:39.143987Z 1 [System] [MY-013576] [InnoDB] InnoDB initialization has started.
2021-06-02T04:16:39.403375Z 1 [System] [MY-013577] [InnoDB] InnoDB initialization has ended.
2021-06-02T04:16:39.524919Z 0 [System] [MY-011323] [Server] X Plugin ready for connections. Bind-address: '::' port: 33060
2021-06-02T04:16:39.577558Z 0 [Warning] [MY-010068] [Server] CA certificate ca.pem is self signed.
2021-06-02T04:16:39.578566Z 0 [System] [MY-013602] [Server] Channel mysql_main configured to support TLS. Encrypted connections are now supported for this channel.
2021-06-02T04:16:39.605817Z 0 [System] [MY-010931] [Server] C:\mysql-8.0.23-winx64\bin\mysqld.exe: ready for connections. Version: '8.0.23'  socket: ''  port: 6123  MySQL Community Server - GPL.
2021-06-02T04:40:34.996455Z 0 [System] [MY-013105] [Server] C:\mysql-8.0.23-winx64\bin\mysqld.exe: Normal shutdown.
2021-06-02T04:40:35.622292Z 0 [System] [MY-010910] [Server] C:\mysql-8.0.23-winx64\bin\mysqld.exe: Shutdown complete (mysqld 8.0.23)  MySQL Community Server - GPL.
2021-06-02T04:50:10.884693Z 0 [System] [MY-010116] [Server] C:\mysql-8.0.23-winx64\bin\mysqld.exe (mysqld 8.0.23) starting as process 24168
2021-06-02T04:50:10.898763Z 1 [System] [MY-013576] [InnoDB] InnoDB initialization has started.
2021-06-02T04:50:11.165846Z 1 [System] [MY-013577] [InnoDB] InnoDB initialization has ended.
2021-06-02T04:50:11.295014Z 0 [System] [MY-011323] [Server] X Plugin ready for connections. Bind-address: '::' port: 33060
2021-06-02T04:50:13.288463Z 0 [Warning] [MY-010068] [Server] CA certificate ca.pem is self signed.
2021-06-02T04:50:13.289374Z 0 [System] [MY-013602] [Server] Channel mysql_main configured to support TLS. Encrypted connections are now supported for this channel.
2021-06-02T04:50:13.318002Z 0 [System] [MY-010931] [Server] C:\mysql-8.0.23-winx64\bin\mysqld.exe: ready for connections. Version: '8.0.23'  socket: ''  port: 6123  MySQL Community Server - GPL.
2021-06-02T04:59:20.750001Z 10 [Warning] [MY-010056] [Server] Host name 'LINUXLITE' could not be resolved: 不知道这样的主机。 
2021-06-02T16:06:37.105730Z 0 [System] [MY-013105] [Server] C:\mysql-8.0.23-winx64\bin\mysqld.exe: Normal shutdown.
2021-06-02T16:06:39.119502Z 0 [Warning] [MY-010909] [Server] C:\mysql-8.0.23-winx64\bin\mysqld.exe: Forcing close of thread 8  user: 'root'.
2021-06-02T16:06:39.120357Z 0 [Warning] [MY-010909] [Server] C:\mysql-8.0.23-winx64\bin\mysqld.exe: Forcing close of thread 9  user: 'root'.
2021-06-02T16:06:39.976871Z 0 [System] [MY-010910] [Server] C:\mysql-8.0.23-winx64\bin\mysqld.exe: Shutdown complete (mysqld 8.0.23)  MySQL Community Server - GPL.
2021-06-02T16:56:19.614954Z 0 [System] [MY-010116] [Server] C:\mysql-8.0.23-winx64\bin\mysqld.exe (mysqld 8.0.23) starting as process 1420
2021-06-02T16:56:19.626958Z 1 [System] [MY-013576] [InnoDB] InnoDB initialization has started.
2021-06-02T16:56:19.901015Z 1 [System] [MY-013577] [InnoDB] InnoDB initialization has ended.
2021-06-02T16:56:20.031375Z 0 [System] [MY-011323] [Server] X Plugin ready for connections. Bind-address: '::' port: 33060
2021-06-02T16:56:20.103271Z 0 [Warning] [MY-010068] [Server] CA certificate ca.pem is self signed.
2021-06-02T16:56:20.104176Z 0 [System] [MY-013602] [Server] Channel mysql_main configured to support TLS. Encrypted connections are now supported for this channel.
2021-06-02T16:56:20.132381Z 0 [System] [MY-010931] [Server] C:\mysql-8.0.23-winx64\bin\mysqld.exe: ready for connections. Version: '8.0.23'  socket: ''  port: 6123  MySQL Community Server - GPL.
2021-06-02T17:23:02.275581Z 0 [System] [MY-013105] [Server] C:\mysql-8.0.23-winx64\bin\mysqld.exe: Normal shutdown.
2021-06-02T17:23:03.216602Z 0 [System] [MY-010910] [Server] C:\mysql-8.0.23-winx64\bin\mysqld.exe: Shutdown complete (mysqld 8.0.23)  MySQL Community Server - GPL.
